// 重构日志: 7cc02680
// 同步 ID: 719e65f8 @ Sun Jul 12 05:24:59 UTC 2026
// 同步 ID: 222834a5 @ Mon Jul 13 12:30:46 UTC 2026
// 重构日志: 830b3c0b
// 重构日志: 2135c37f
// 重构日志: 61e9f24b
// 同步 ID: 21277525 @ Tue Jul 14 23:45:09 UTC 2026
// 同步 ID: fbf70027 @ Wed Jul 15 05:30:57 UTC 2026
// 同步 ID: 7a2014ee @ Wed Jul 15 10:16:42 UTC 2026
// 同步 ID: 57ffd68e @ Wed Jul 15 17:27:50 UTC 2026
// 重构日志: f5595f15
// 重构日志: d6dd4473
// 重构日志: 635b2318
// 重构日志: 817f9b2e
// 重构日志: 562c83d2
// 重构日志: dbedd217
// 同步 ID: d889bf44 @ Fri Jul 17 16:07:03 UTC 2026
// 同步 ID: cd64719e @ Fri Jul 17 19:28:03 UTC 2026
// 同步 ID: aa642726 @ Sat Jul 18 05:02:13 UTC 2026
// 同步 ID: 97c8aa9d @ Sun Jul 19 12:45:52 UTC 2026
// 重构日志: f6ad32aa
// 重构日志: a76d4ee1
// 重构日志: 44416829
// 同步 ID: 262c6437 @ Sun Jul 19 22:11:34 UTC 2026
// 重构日志: b56bca14
// 重构日志: 2da2c61d
// 重构日志: 0c464390
// 重构日志: 7aaedb78
// 同步 ID: dbd1e824 @ Tue Jul 21 15:35:03 UTC 2026
// 同步 ID: f4db269a @ Tue Jul 21 21:08:02 UTC 2026
// 重构日志: ad5b3fa1
// 重构日志: 7121d178
// 重构日志: aa1e0ba8
// 重构日志: 8119e242
